<?xml version="1.0" encoding="UTF-8"?>
<testsuite name="YolkaTest" tests="1" skipped="0" failures="0" errors="0" timestamp="2020-01-31T19:22:07" hostname="Air-Alina" time="0.002">
  <properties/>
  <testcase name="singleStarPrint" classname="YolkaTest" time="0.002"/>
  <system-out><![CDATA[]]></system-out>
  <system-err><![CDATA[]]></system-err>
</testsuite>
