<?xml version="1.0" encoding="UTF-8"?>
<testsuite name="YolkaTest" tests="3" skipped="0" failures="0" errors="0" timestamp="2020-01-31T21:14:22" hostname="Air-Alina" time="0.004">
  <properties/>
  <testcase name="tripleStarPrint" classname="YolkaTest" time="0.003"/>
  <testcase name="singleStarPrint" classname="YolkaTest" time="0.001"/>
  <testcase name="fiveStarsPrint" classname="YolkaTest" time="0.0"/>
  <system-out><![CDATA[]]></system-out>
  <system-err><![CDATA[]]></system-err>
</testsuite>
